Сборка начата 19.04.2024 15:10:46.
Уровень детализации журнала: Normal.     1>Проект "C:\Users\user\Desktop\VS\аисд\лр4\lab4\lab4,2\lab4,2.vcxproj" в узле 2 (целевые объекты Build).
     1>PrepareForBuild:
         Структурированный вывод включен. Форматирование диагностики компилятора будет отражать иерархию ошибок. Подробнее см. https://aka.ms/cpp/structured-output.
       InitializeBuildStatus:
         Создание "x64\Debug\lab4,2.tlog\unsuccessfulbuild", так как было задано "AlwaysCreate".
         Обращение к "x64\Debug\lab4,2.tlog\unsuccessfulbuild".
       ClCompile:
         C:\Program Files\Microsoft Visual Studio\2022\Community\VC\Tools\MSVC\14.38.33130\bin\HostX64\x64\CL.exe /c /ZI /JMC /nologo /W3 /WX- /diagnostics:column /sdl /Od /D _DEBUG /D _CONSOLE /D _UNICODE /D UNICODE /Gm- /EHsc /RTC1 /MDd /GS /fp:precise /Zc:wchar_t /Zc:forScope /Zc:inline /permissive- /Fo"x64\Debug\\" /Fd"x64\Debug\vc143.pdb" /external:W3 /Gd /TP /FC /errorReport:prompt "lab4,2.cpp"
         lab4,2.cpp
     1>C:\Users\user\Desktop\VS\аисд\лр4\lab4\lab4,2\lab4,2.cpp(9,12): warning C4244: аргумент: преобразование "time_t" в "unsigned int", возможна потеря данных
     1>C:\Users\user\Desktop\VS\аисд\лр4\lab4\lab4,2\lab4,2.cpp(59,12): warning C4018: >: несоответствие типов со знаком и без знака
     1>C:\Users\user\Desktop\VS\аисд\лр4\lab4\lab4,2\lab4,2.cpp(64,12): warning C4018: >: несоответствие типов со знаком и без знака
     1>C:\Users\user\Desktop\VS\аисд\лр4\lab4\lab4,2\lab4,2.cpp(13,12): warning C4101: k: неиспользованная локальная переменная
     1>C:\Users\user\Desktop\VS\аисд\лр4\lab4\lab4,2\lab4,2.cpp(11,9): warning C4101: tmp: неиспользованная локальная переменная
     1>C:\Users\user\Desktop\VS\аисд\лр4\lab4\lab4,2\lab4,2.cpp(13,9): warning C4101: j: неиспользованная локальная переменная
     1>C:\Users\user\Desktop\VS\аисд\лр4\lab4\lab4,2\lab4,2.cpp(11,14): warning C4101: step: неиспользованная локальная переменная
       Link:
         C:\Program Files\Microsoft Visual Studio\2022\Community\VC\Tools\MSVC\14.38.33130\bin\HostX64\x64\link.exe /ERRORREPORT:PROMPT /OUT:"C:\Users\user\Desktop\VS\аисд\лр4\lab4\x64\Debug\lab4,2.exe" /INCREMENTAL /ILK:"x64\Debug\lab4,2.ilk" /NOLOGO kernel32.lib user32.lib gdi32.lib winspool.lib comdlg32.lib advapi32.lib shell32.lib ole32.lib oleaut32.lib uuid.lib odbc32.lib odbccp32.lib /MANIFEST /MANIFESTUAC:"level='asInvoker' uiAccess='false'" /manifest:embed /DEBUG /PDB:"C:\Users\user\Desktop\VS\аисд\лр4\lab4\x64\Debug\lab4,2.pdb" /SUBSYSTEM:CONSOLE /TLBID:1 /DYNAMICBASE /NXCOMPAT /IMPLIB:"C:\Users\user\Desktop\VS\аисд\лр4\lab4\x64\Debug\lab4,2.lib" /MACHINE:X64 "x64\Debug\lab4,2.obj"
         lab4,2.vcxproj -> C:\Users\user\Desktop\VS\аисд\лр4\lab4\x64\Debug\lab4,2.exe
       FinalizeBuildStatus:
         Файл "x64\Debug\lab4,2.tlog\unsuccessfulbuild" удаляется.
         Обращение к "x64\Debug\lab4,2.tlog\lab4,2.lastbuildstate".
     1>Сборка проекта "C:\Users\user\Desktop\VS\аисд\лр4\lab4\lab4,2\lab4,2.vcxproj" завершена (целевые объекты Build).

Сборка успешно завершена.

       "C:\Users\user\Desktop\VS\аисд\лр4\lab4\lab4,2\lab4,2.vcxproj" (целевой объект Build ) (1) ->
       (Целевой объект ClCompile) -> 
         C:\Users\user\Desktop\VS\аисд\лр4\lab4\lab4,2\lab4,2.cpp(9,12): warning C4244: аргумент: преобразование "time_t" в "unsigned int", возможна потеря данных
         C:\Users\user\Desktop\VS\аисд\лр4\lab4\lab4,2\lab4,2.cpp(59,12): warning C4018: >: несоответствие типов со знаком и без знака
         C:\Users\user\Desktop\VS\аисд\лр4\lab4\lab4,2\lab4,2.cpp(64,12): warning C4018: >: несоответствие типов со знаком и без знака
         C:\Users\user\Desktop\VS\аисд\лр4\lab4\lab4,2\lab4,2.cpp(13,12): warning C4101: k: неиспользованная локальная переменная
         C:\Users\user\Desktop\VS\аисд\лр4\lab4\lab4,2\lab4,2.cpp(11,9): warning C4101: tmp: неиспользованная локальная переменная
         C:\Users\user\Desktop\VS\аисд\лр4\lab4\lab4,2\lab4,2.cpp(13,9): warning C4101: j: неиспользованная локальная переменная
         C:\Users\user\Desktop\VS\аисд\лр4\lab4\lab4,2\lab4,2.cpp(11,14): warning C4101: step: неиспользованная локальная переменная

    Предупреждений: 7
    Ошибок: 0

Прошло времени 00:00:00.90
